<?xml version="1.0" encoding="UTF-8"?>
<!-- Generated by org.testng.reporters.JUnitReportReporter -->
<testsuite hostname="DESKTOP-RTR7UC2" name="Practice.Demo" tests="1" failures="0" timestamp="19 Apr 2023 13:52:45 GMT" time="0.063" errors="0">
  <testcase name="method" time="0.063" classname="Practice.Demo"/>
</testsuite> <!-- Practice.Demo -->
