<?xml version="1.0" encoding="UTF-8"?>
<!-- Generated by org.testng.reporters.JUnitReportReporter -->
<testsuite hostname="DESKTOP-RTR7UC2" name="Practice.Parameters" tests="1" failures="0" timestamp="19 Apr 2023 14:10:49 GMT" time="0.022" errors="0">
  <testcase name="m1" time="0.022" classname="Practice.Parameters"/>
</testsuite> <!-- Practice.Parameters -->
